<?xml version="1.0" encoding="UTF-8"?>
<!-- Generated by org.testng.reporters.JUnitReportReporter -->
<testsuite hostname="MacBookPro.lan" failures="0" tests="1" name="tests.AliExpressTest" time="4.491" errors="0" timestamp="2025-01-28T14:15:35 CET" skipped="0">
  <testcase classname="tests.AliExpressTest" name="testSearchProduct" time="4.491"/>
</testsuite> <!-- tests.AliExpressTest -->
